0 info it worked if it ends with ok
1 verbose cli [ '/usr/bin/nodejs', '/usr/local/bin/npm', 'start' ]
2 info using npm@3.4.1
3 info using node@v5.11.0
4 verbose config Skipping project config: /home/harvey/.npmrc. (matches userconfig)
5 verbose stack Error: ENOENT: no such file or directory, open '/home/harvey/package.json'
5 verbose stack     at Error (native)
6 verbose cwd /home/harvey/Desktop/Ric_Web_Programming_Project
7 error Linux 4.4.0-21-generic
8 error argv "/usr/bin/nodejs" "/usr/local/bin/npm" "start"
9 error node v5.11.0
10 error npm  v3.4.1
11 error path /home/harvey/package.json
12 error code ENOENT
13 error errno -2
14 error syscall open
15 error enoent ENOENT: no such file or directory, open '/home/harvey/package.json'
15 error enoent This is most likely not a problem with npm itself
15 error enoent and is related to npm not being able to find a file.
16 verbose exit [ -2, true ]
